  5.500    9.232E-02
  5.750    5.262E-02
  6.000    3.397E-02
  6.250    2.371E-02
  6.500    1.749E-02
  6.750    1.343E-02
  7.000    1.063E-02
  7.250    8.631E-03
  7.500    7.143E-03
  7.750    6.011E-03
  8.000    5.127E-03
  8.250    4.425E-03
  8.500    3.858E-03
  8.750    3.393E-03
  9.000    3.008E-03
  9.250    2.684E-03
  9.500    2.411E-03
  9.750    2.177E-03
 10.000    1.975E-03
 10.250    1.800E-03
 10.500    1.648E-03
 10.750    1.514E-03
 11.000    1.396E-03
 11.250    1.291E-03
 11.500    1.197E-03
 11.750    1.114E-03
 12.000    1.039E-03
 12.250    9.708E-04
 12.500    9.094E-04
 12.750    8.537E-04
 13.000    8.030E-04
 13.250    7.566E-04
 13.500    7.142E-04
